Feb.-22 15:26:32.659 [main] DEBUG nextflow.cli.Launcher - $> nextflow run main.nf --chromosomes 21
Feb.-22 15:26:32.684 [main] DEBUG nextflow.cli.CmdRun - N E X T F L O W  ~  version 25.10.4
Feb.-22 15:26:32.692 [main] DEBUG nextflow.plugin.PluginsFacade - Setting up plugin manager > mode=prod; embedded=false; plugins-dir=/Users/harry/.nextflow/plugins; core-plugins: nf-amazon@3.4.4,nf-azure@1.20.2,nf-cloudcache@0.5.0,nf-codecommit@0.5.0,nf-console@1.3.0,nf-google@1.23.5,nf-k8s@1.2.2,nf-tower@1.17.5,nf-wave@1.16.1
Feb.-22 15:26:32.699 [main] INFO  o.pf4j.DefaultPluginStatusProvider - Enabled plugins: []
Feb.-22 15:26:32.699 [main] INFO  o.pf4j.DefaultPluginStatusProvider - Disabled plugins: []
Feb.-22 15:26:32.700 [main] INFO  org.pf4j.DefaultPluginManager - PF4J version 3.12.0 in 'deployment' mode
Feb.-22 15:26:32.704 [main] DEBUG nextflow.util.RetryConfig - Missing nextflow session - using default retry config
Feb.-22 15:26:32.748 [main] INFO  org.pf4j.AbstractPluginManager - No plugins
Feb.-22 15:26:32.758 [main] DEBUG nextflow.config.ConfigBuilder - Found config local: /Users/harry/Documents/coding_projects/chromApipe/nextflow.config
Feb.-22 15:26:32.759 [main] DEBUG nextflow.config.ConfigBuilder - Parsing config file: /Users/harry/Documents/coding_projects/chromApipe/nextflow.config
Feb.-22 15:26:32.768 [main] DEBUG nextflow.config.ConfigBuilder - Applying config profile: `standard`
Feb.-22 15:26:32.902 [main] DEBUG nextflow.plugin.PluginsFacade - Plugins default=[]
Feb.-22 15:26:32.902 [main] DEBUG nextflow.plugin.PluginsFacade - Plugins resolved requirement=[]
Feb.-22 15:26:32.907 [main] DEBUG n.secret.LocalSecretsProvider - Secrets store: /Users/harry/.nextflow/secrets/store.json
Feb.-22 15:26:32.908 [main] DEBUG nextflow.secret.SecretsLoader - Discovered secrets providers: [nextflow.secret.LocalSecretsProvider@58a2b917] - activable => nextflow.secret.LocalSecretsProvider@58a2b917
Feb.-22 15:26:32.909 [main] DEBUG nextflow.cli.CmdRun - Applied DSL=2 by global default
Feb.-22 15:26:32.913 [main] DEBUG nextflow.cli.CmdRun - Launching `main.nf` [determined_woese] DSL2 - revision: 507b2981df
Feb.-22 15:26:32.929 [main] DEBUG nextflow.Session - Session UUID: 5af173bd-9d3e-462f-b589-fd7474911515
Feb.-22 15:26:32.929 [main] DEBUG nextflow.Session - Run name: determined_woese
Feb.-22 15:26:32.929 [main] DEBUG nextflow.Session - Executor pool size: 10
Feb.-22 15:26:32.932 [main] DEBUG nextflow.file.FilePorter - File porter settings maxRetries=3; maxTransfers=50; pollTimeout=null
Feb.-22 15:26:32.934 [main] DEBUG nextflow.util.ThreadPoolBuilder - Creating thread pool 'FileTransfer' minSize=10; maxSize=30; workQueue=LinkedBlockingQueue[-1]; allowCoreThreadTimeout=false
Feb.-22 15:26:32.944 [main] DEBUG nextflow.cli.CmdRun - 
  Version: 25.10.4 build 11173
  Created: 10-02-2026 15:17 UTC (07:17 PDT)
  System: Mac OS X 26.3
  Runtime: Groovy 4.0.28 on OpenJDK 64-Bit Server VM 17.0.18+0
  Encoding: UTF-8 (UTF-8)
  Process: 19111@Harrys-MacBook-Pro.local [127.0.0.1]
  CPUs: 10 - Mem: 16 GB (155.4 MB) - Swap: 2 GB (1.6 GB)
Feb.-22 15:26:32.950 [main] DEBUG nextflow.Session - Work-dir: /Users/harry/Documents/coding_projects/chromApipe/work [Mac OS X]
Feb.-22 15:26:32.955 [main] DEBUG nextflow.executor.ExecutorFactory - Extension executors providers=[]
Feb.-22 15:26:32.958 [main] DEBUG nextflow.Session - Observer factory (v2): LinObserverFactory
Feb.-22 15:26:32.959 [main] DEBUG nextflow.Session - Observer factory (v2): DefaultObserverFactory
Feb.-22 15:26:32.972 [main] DEBUG nextflow.cache.CacheFactory - Using Nextflow cache factory: nextflow.cache.DefaultCacheFactory
Feb.-22 15:26:32.974 [main] DEBUG nextflow.util.CustomThreadPool - Creating default thread pool > poolSize: 11; maxThreads: 1000
Feb.-22 15:26:32.990 [main] DEBUG nextflow.Session - Session start
Feb.-22 15:26:33.107 [main] DEBUG nextflow.script.ScriptRunner - > Launching execution
Feb.-22 15:26:33.138 [main] DEBUG nextflow.script.ScriptRunner - Parsed script files:
  Script_36a6e659c6b69d79: /Users/harry/Documents/coding_projects/chromApipe/main.nf
Feb.-22 15:26:33.138 [main] DEBUG nextflow.Session - Session aborted -- Cause: Missing process or function tokenize([,])
Feb.-22 15:26:33.146 [main] DEBUG n.trace.WorkflowStatsObserver - Workflow completed > WorkflowStats[succeededCount=0; failedCount=0; ignoredCount=0; cachedCount=0; pendingCount=0; submittedCount=0; runningCount=0; retriesCount=0; abortedCount=0; succeedDuration=0ms; failedDuration=0ms; cachedDuration=0ms;loadCpus=0; loadMemory=0; peakRunning=0; peakCpus=0; peakMemory=0; ]
Feb.-22 15:26:33.203 [main] ERROR nextflow.cli.Launcher - @unknown
nextflow.exception.MissingProcessException: Missing process or function tokenize([,])
	at nextflow.script.WorkflowDef.run(WorkflowDef.groovy:192)
	at nextflow.script.BindableDef.invoke_a(BindableDef.groovy:51)
	at nextflow.script.BaseScript.run0(BaseScript.groovy:249)
	at nextflow.script.BaseScript.run(BaseScript.groovy:260)
	at nextflow.script.parser.v1.ScriptLoaderV1.runScript(ScriptLoaderV1.groovy:246)
	at nextflow.script.parser.v1.ScriptLoaderV1.runScript(ScriptLoaderV1.groovy)
	at nextflow.script.ScriptRunner.run(ScriptRunner.groovy:246)
	at nextflow.script.ScriptRunner.execute(ScriptRunner.groovy:139)
	at nextflow.cli.CmdRun.run(CmdRun.groovy:429)
	at nextflow.cli.Launcher.run(Launcher.groovy:515)
	at nextflow.cli.Launcher.main(Launcher.groovy:675)
Caused by: groovy.lang.MissingMethodException: No signature of method: java.lang.Integer.tokenize() is applicable for argument types: (String) values: [,]
	at org.codehaus.groovy.runtime.ScriptBytecodeAdapter.unwrap(ScriptBytecodeAdapter.java:73)
	at org.codehaus.groovy.vmplugin.v8.IndyGuardsFiltersAndSignatures.unwrap(IndyGuardsFiltersAndSignatures.java:163)
	at org.codehaus.groovy.vmplugin.v8.IndyInterface.fromCache(IndyInterface.java:321)
	at Script_36a6e659c6b69d79$_runScript_closure5$_closure16.doCall(Script_36a6e659c6b69d79:66)
	at java.base/jdk.internal.reflect.NativeMethodAccessorImpl.invoke0(Native Method)
	at java.base/jdk.internal.reflect.NativeMethodAccessorImpl.invoke(NativeMethodAccessorImpl.java:77)
	at java.base/jdk.internal.reflect.DelegatingMethodAccessorImpl.invoke(DelegatingMethodAccessorImpl.java:43)
	at java.base/java.lang.reflect.Method.invoke(Method.java:569)
	at org.codehaus.groovy.reflection.CachedMethod.invoke(CachedMethod.java:343)
	at groovy.lang.MetaMethod.doMethodInvoke(MetaMethod.java:328)
	at org.codehaus.groovy.runtime.metaclass.ClosureMetaClass.invokeMethod(ClosureMetaClass.java:280)
	at groovy.lang.MetaClassImpl.invokeMethod(MetaClassImpl.java:1007)
	at groovy.lang.Closure.call(Closure.java:433)
	at groovy.lang.Closure.call(Closure.java:412)
	at nextflow.script.WorkflowDef.run0(WorkflowDef.groovy:205)
	at nextflow.script.WorkflowDef.run(WorkflowDef.groovy:189)
	... 10 common frames omitted
